<?xml version="1.0" encoding="UTF-8"?>
<testng-results skipped="0" failed="1" total="2" passed="1">
  <reporter-output>
  </reporter-output>
  <suite name="Default suite" duration-ms="62677" started-at="2021-07-27T00:10:17Z" finished-at="2021-07-27T00:11:19Z">
    <groups>
    </groups>
    <test name="Default test" duration-ms="62677" started-at="2021-07-27T00:10:17Z" finished-at="2021-07-27T00:11:19Z">
      <class name="TestCases.ticTacToeTest">
        <test-method status="PASS" signature="setUp()[pri:0, instance:TestCases.ticTacToeTest@54c562f7]" name="setUp" is-config="true" duration-ms="29020" started-at="2021-07-26T20:10:17Z" finished-at="2021-07-26T20:10:46Z">
          <reporter-output>
          </reporter-output>
        </test-method> <!-- setUp -->
        <test-method status="PASS" signature="getTitle()[pri:0, instance:TestCases.ticTacToeTest@54c562f7]" name="getTitle" duration-ms="61" started-at="2021-07-26T20:10:46Z" finished-at="2021-07-26T20:10:46Z">
          <reporter-output>
          </reporter-output>
        </test-method> <!-- getTitle -->
        <test-method status="PASS" signature="tearDown()[pri:0, instance:TestCases.ticTacToeTest@54c562f7]" name="tearDown" is-config="true" duration-ms="1448" started-at="2021-07-26T20:10:46Z" finished-at="2021-07-26T20:10:47Z">
          <reporter-output>
          </reporter-output>
        </test-method> <!-- tearDown -->
        <test-method status="PASS" signature="setUp()[pri:0, instance:TestCases.ticTacToeTest@54c562f7]" name="setUp" is-config="true" duration-ms="27665" started-at="2021-07-26T20:10:47Z" finished-at="2021-07-26T20:11:15Z">
          <reporter-output>
          </reporter-output>
        </test-method> <!-- setUp -->
        <test-method status="FAIL" signature="playUntilDrawNoDisplayTest()[pri:0, instance:TestCases.ticTacToeTest@54c562f7]" name="playUntilDrawNoDisplayTest" duration-ms="2911" started-at="2021-07-26T20:11:15Z" finished-at="2021-07-26T20:11:18Z">
          <exception class="java.lang.NullPointerException">
            <full-stacktrace>
              <![CDATA[java.lang.NullPointerException
	at TestCases.ticTacToeTest.playUntilDrawNoDisplayTest(ticTacToeTest.java:73)
	at sun.reflect.NativeMethodAccessorImpl.invoke0(Native Method)
	at sun.reflect.NativeMethodAccessorImpl.invoke(Unknown Source)
	at sun.reflect.DelegatingMethodAccessorImpl.invoke(Unknown Source)
	at java.lang.reflect.Method.invoke(Unknown Source)
	at org.testng.internal.MethodInvocationHelper.invokeMethod(MethodInvocationHelper.java:84)
	at org.testng.internal.Invoker.invokeMethod(Invoker.java:714)
	at org.testng.internal.Invoker.invokeTestMethod(Invoker.java:901)
	at org.testng.internal.Invoker.invokeTestMethods(Invoker.java:1231)
	at org.testng.internal.TestMethodWorker.invokeTestMethods(TestMethodWorker.java:127)
	at org.testng.internal.TestMethodWorker.run(TestMethodWorker.java:111)
	at org.testng.TestRunner.privateRun(TestRunner.java:767)
	at org.testng.TestRunner.run(TestRunner.java:617)
	at org.testng.SuiteRunner.runTest(SuiteRunner.java:348)
	at org.testng.SuiteRunner.runSequentially(SuiteRunner.java:343)
	at org.testng.SuiteRunner.privateRun(SuiteRunner.java:305)
	at org.testng.SuiteRunner.run(SuiteRunner.java:254)
	at org.testng.SuiteRunnerWorker.runSuite(SuiteRunnerWorker.java:52)
	at org.testng.SuiteRunnerWorker.run(SuiteRunnerWorker.java:86)
	at org.testng.TestNG.runSuitesSequentially(TestNG.java:1224)
	at org.testng.TestNG.runSuitesLocally(TestNG.java:1149)
	at org.testng.TestNG.run(TestNG.java:1057)
	at org.testng.remote.AbstractRemoteTestNG.run(AbstractRemoteTestNG.java:115)
	at org.testng.remote.RemoteTestNG.initAndRun(RemoteTestNG.java:251)
	at org.testng.remote.RemoteTestNG.main(RemoteTestNG.java:77)
]]>
            </full-stacktrace>
          </exception> <!-- java.lang.NullPointerException -->
          <reporter-output>
          </reporter-output>
        </test-method> <!-- playUntilDrawNoDisplayTest -->
        <test-method status="PASS" signature="tearDown()[pri:0, instance:TestCases.ticTacToeTest@54c562f7]" name="tearDown" is-config="true" duration-ms="1527" started-at="2021-07-26T20:11:18Z" finished-at="2021-07-26T20:11:19Z">
          <reporter-output>
          </reporter-output>
        </test-method> <!-- tearDown -->
      </class> <!-- TestCases.ticTacToeTest -->
    </test> <!-- Default test -->
  </suite> <!-- Default suite -->
</testng-results>
